  main.cpp
C:\Users\Georg\Documents\Projects\Pong\Pong\src\main.cpp(43,12): warning C4305: 'return': truncation from 'int' to 'bool'
C:\Users\Georg\Documents\Projects\Pong\Pong\src\main.cpp(46,104): warning C4244: 'argument': conversion from 'float' to 'T', possible loss of data
          with
          [
              T=int
          ]
C:\Users\Georg\Documents\Projects\Pong\Pong\src\main.cpp(46,86): warning C4244: 'argument': conversion from 'float' to 'T', possible loss of data
          with
          [
              T=int
          ]
C:\Users\Georg\Documents\Projects\Pong\Pong\src\main.cpp(48,12): warning C4305: 'return': truncation from 'int' to 'bool'
C:\Users\Georg\Documents\Projects\Pong\Pong\src\main.cpp(71,12): warning C4244: 'argument': conversion from 'time_t' to 'unsigned int', possible loss of data
C:\Users\Georg\Documents\Projects\Pong\Pong\src\main.cpp(72,27): warning C4244: 'initializing': conversion from 'int' to 'float', possible loss of data
C:\Users\Georg\Documents\Projects\Pong\Pong\src\main.cpp(93,50): warning C4244: 'argument': conversion from 'double' to 'T', possible loss of data
          with
          [
              T=float
          ]
C:\Users\Georg\Documents\Projects\Pong\Pong\src\main.cpp(98,53): warning C4244: 'argument': conversion from 'int' to 'T', possible loss of data
          with
          [
              T=float
          ]
C:\Users\Georg\Documents\Projects\Pong\Pong\src\main.cpp(99,41): warning C4244: 'argument': conversion from 'double' to 'float', possible loss of data
C:\Users\Georg\Documents\Projects\Pong\Pong\src\main.cpp(104,61): warning C4244: 'argument': conversion from 'int' to 'T', possible loss of data
          with
          [
              T=float
          ]
C:\Users\Georg\Documents\Projects\Pong\Pong\src\main.cpp(104,44): warning C4244: 'argument': conversion from 'int' to 'T', possible loss of data
          with
          [
              T=float
          ]
C:\Users\Georg\Documents\Projects\Pong\Pong\src\main.cpp(132,66): warning C4244: 'argument': conversion from 'int' to 'T', possible loss of data
          with
          [
              T=float
          ]
C:\Users\Georg\Documents\Projects\Pong\Pong\src\main.cpp(132,49): warning C4244: 'argument': conversion from 'int' to 'T', possible loss of data
          with
          [
              T=float
          ]
C:\Users\Georg\Documents\Projects\Pong\Pong\src\main.cpp(134,31): warning C4244: '=': conversion from 'int' to 'float', possible loss of data
C:\Users\Georg\Documents\Projects\Pong\Pong\src\main.cpp(187,53): warning C4244: 'argument': conversion from 'double' to 'T', possible loss of data
          with
          [
              T=float
          ]
C:\Users\Georg\Documents\Projects\Pong\Pong\src\main.cpp(191,59): warning C4244: 'argument': conversion from 'double' to 'T', possible loss of data
          with
          [
              T=float
          ]
C:\Users\Georg\Documents\Projects\Pong\Pong\src\main.cpp(209,63): warning C4244: 'argument': conversion from 'int' to 'T', possible loss of data
          with
          [
              T=float
          ]
C:\Users\Georg\Documents\Projects\Pong\Pong\src\main.cpp(209,46): warning C4244: 'argument': conversion from 'int' to 'T', possible loss of data
          with
          [
              T=float
          ]
C:\Users\Georg\Documents\Projects\Pong\Pong\src\main.cpp(211,28): warning C4244: '=': conversion from 'int' to 'float', possible loss of data
C:\Users\Georg\Documents\Projects\Pong\Pong\src\main.cpp(230,29): warning C4305: 'initializing': truncation from 'double' to 'float'
C:\Users\Georg\Documents\Projects\Pong\Pong\src\main.cpp(50): warning C4715: 'Initialize': not all control paths return a value
  Pong.vcxproj -> C:\Users\Georg\Documents\Projects\Pong\bin\Win32\Debug\Pong.exe
